<?xml version="1.0" encoding="UTF-8"?>
<!-- Generated by org.testng.reporters.JUnitReportReporter -->
<testsuite hostname="DESKTOP-3OT4R57" name="Academy.validateTitle" tests="1" failures="0" timestamp="1 Mar 2019 04:45:52 GMT" time="0.090" errors="0">
  <testcase name="title" time="0.090" classname="Academy.validateTitle"/>
</testsuite>
