<?xml version="1.0" encoding="UTF-8"?>
<!-- Generated by org.testng.reporters.JUnitReportReporter -->
<testsuite hostname="DESKTOP-3OT4R57" name="Academy.HomePage" tests="2" failures="0" timestamp="1 Mar 2019 04:45:52 GMT" time="15.125" errors="0">
  <testcase name="basePagenavigation" time="10.550" classname="Academy.HomePage"/>
  <testcase name="basePagenavigation" time="4.575" classname="Academy.HomePage"/>
</testsuite>
