<?xml version="1.0" encoding="UTF-8"?>
<!-- Generated by org.testng.reporters.JUnitReportReporter -->
<testsuite hostname="DESKTOP-3OT4R57" name="cucumberOptions.TestRunner" tests="1" failures="0" timestamp="26 Mar 2019 15:39:02 GMT" time="32.735" errors="0">
  <testcase name="feature" time="32.735" classname="cucumberOptions.TestRunner"/>
</testsuite>
