<?xml version="1.0" encoding="UTF-8"?>
<!-- Generated by org.testng.reporters.JUnitReportReporter -->
<testsuite hostname="DESKTOP-3OT4R57" name="Academy.HomePage" tests="2" failures="0" timestamp="4 Mar 2019 01:16:57 GMT" time="20.730" errors="0">
  <testcase name="basePagenavigation" time="8.609" classname="Academy.HomePage"/>
  <testcase name="basePagenavigation" time="12.121" classname="Academy.HomePage"/>
</testsuite>
